# JRE version: OpenJDK Runtime Environment Temurin-17.0.4+8 (17.0.4+8) (build 17.0.4+8)
# Java VM: OpenJDK 64-Bit Server VM Temurin-17.0.4+8 (17.0.4+8, mixed mode, emulated-client, tiered, compressed oops, compressed class ptrs, g1 gc, windows-amd64)
GC Precious Log:
 CPUs: 12 total, 12 available
 Memory: 16163M
 Large Page Support: Disabled
 NUMA Support: Disabled
 Compressed Oops: Enabled (Zero based)
 Heap Region Size: 2M
 Heap Min Capacity: 8M
 Heap Initial Capacity: 254M
 Heap Max Capacity: 4042M
 Pre-touch: Disabled
 Parallel Workers: 10
 Concurrent Workers: 3
 Concurrent Refinement Workers: 10
 Periodic GC: Disabled
Heap:
 garbage-first heap   total 143360K, used 55768K [0x0000000703600000, 0x0000000800000000)
  region size 2048K, 5 young (10240K), 3 survivors (6144K)
 Metaspace       used 101614K, committed 102336K, reserved 1138688K
  class space    used 13319K, committed 13696K, reserved 1048576K
GC Heap History (20 events):
Event: 3442.839 GC heap before
{Heap before GC invocations=52 (full 4):
 garbage-first heap   total 143360K, used 110198K [0x0000000703600000, 0x0000000800000000)
  region size 2048K, 33 young (67584K), 4 survivors (8192K)
 Metaspace       used 98985K, committed 99712K, reserved 1138688K
  class space    used 13097K, committed 13440K, reserved 1048576K
}
Event: 3442.843 GC heap after
{Heap after GC invocations=53 (full 4):
 garbage-first heap   total 143360K, used 54039K [0x0000000703600000, 0x0000000800000000)
  region size 2048K, 4 young (8192K), 4 survivors (8192K)
 Metaspace       used 98985K, committed 99712K, reserved 1138688K
  class space    used 13097K, committed 13440K, reserved 1048576K
}
Event: 3751.881 GC heap before
{Heap before GC invocations=53 (full 4):
 garbage-first heap   total 143360K, used 94999K [0x0000000703600000, 0x0000000800000000)
  region size 2048K, 25 young (51200K), 4 survivors (8192K)
 Metaspace       used 99033K, committed 99776K, reserved 1138688K
  class space    used 13098K, committed 13440K, reserved 1048576K
}
Event: 3751.918 GC heap after
{Heap after GC invocations=54 (full 5):
 garbage-first heap   total 143360K, used 38962K [0x0000000703600000, 0x0000000800000000)
  region size 2048K, 0 young (0K), 0 survivors (0K)
 Metaspace       used 98754K, committed 99776K, reserved 1138688K
  class space    used 13039K, committed 13440K, reserved 1048576K
}
Event: 3752.476 GC heap before
{Heap before GC invocations=54 (full 5):
 garbage-first heap   total 143360K, used 108594K [0x0000000703600000, 0x0000000800000000)
  region size 2048K, 35 young (71680K), 0 survivors (0K)
 Metaspace       used 99214K, committed 99904K, reserved 1138688K
  class space    used 13107K, committed 13440K, reserved 1048576K
}
Event: 3752.479 GC heap after
{Heap after GC invocations=55 (full 5):
 garbage-first heap   total 143360K, used 44350K [0x0000000703600000, 0x0000000800000000)
  region size 2048K, 3 young (6144K), 3 survivors (6144K)
 Metaspace       used 99214K, committed 99904K, reserved 1138688K
  class space    used 13107K, committed 13440K, reserved 1048576K
}
Event: 3752.994 GC heap before
{Heap before GC invocations=55 (full 5):
 garbage-first heap   total 143360K, used 109886K [0x0000000703600000, 0x0000000800000000)
  region size 2048K, 35 young (71680K), 3 survivors (6144K)
 Metaspace       used 99565K, committed 100224K, reserved 1138688K
  class space    used 13140K, committed 13440K, reserved 1048576K
}
Event: 3752.998 GC heap after
{Heap after GC invocations=56 (full 5):
 garbage-first heap   total 143360K, used 47260K [0x0000000703600000, 0x0000000800000000)
  region size 2048K, 5 young (10240K), 5 survivors (10240K)
 Metaspace       used 99565K, committed 100224K, reserved 1138688K
  class space    used 13140K, committed 13440K, reserved 1048576K
}
Event: 3753.321 GC heap before
{Heap before GC invocations=56 (full 5):
 garbage-first heap   total 143360K, used 110748K [0x0000000703600000, 0x0000000800000000)
  region size 2048K, 36 young (73728K), 5 survivors (10240K)
 Metaspace       used 100002K, committed 100672K, reserved 1138688K
  class space    used 13176K, committed 13504K, reserved 1048576K
}
Event: 3753.325 GC heap after
{Heap after GC invocations=57 (full 5):
 garbage-first heap   total 143360K, used 50548K [0x0000000703600000, 0x0000000800000000)
  region size 2048K, 4 young (8192K), 4 survivors (8192K)
 Metaspace       used 100002K, committed 100672K, reserved 1138688K
  class space    used 13176K, committed 13504K, reserved 1048576K
}
Event: 3778.715 GC heap before
{Heap before GC invocations=57 (full 5):
 garbage-first heap   total 143360K, used 103796K [0x0000000703600000, 0x0000000800000000)
  region size 2048K, 31 young (63488K), 4 survivors (8192K)
 Metaspace       used 100327K, committed 101056K, reserved 1138688K
  class space    used 13210K, committed 13568K, reserved 1048576K
}
Event: 3778.754 GC heap after
{Heap after GC invocations=58 (full 6):
 garbage-first heap   total 143360K, used 43059K [0x0000000703600000, 0x0000000800000000)
  region size 2048K, 0 young (0K), 0 survivors (0K)
 Metaspace       used 100185K, committed 101056K, reserved 1138688K
  class space    used 13175K, committed 13568K, reserved 1048576K
}
Event: 3779.077 GC heap before
{Heap before GC invocations=58 (full 6):
 garbage-first heap   total 143360K, used 108595K [0x0000000703600000, 0x0000000800000000)
  region size 2048K, 33 young (67584K), 0 survivors (0K)
 Metaspace       used 100562K, committed 101248K, reserved 1138688K
  class space    used 13233K, committed 13568K, reserved 1048576K
}
Event: 3779.079 GC heap after
{Heap after GC invocations=59 (full 6):
 garbage-first heap   total 143360K, used 47155K [0x0000000703600000, 0x0000000800000000)
  region size 2048K, 2 young (4096K), 2 survivors (4096K)
 Metaspace       used 100562K, committed 101248K, reserved 1138688K
  class space    used 13233K, committed 13568K, reserved 1048576K
}
Event: 3779.844 GC heap before
{Heap before GC invocations=59 (full 6):
 garbage-first heap   total 143360K, used 110643K [0x0000000703600000, 0x0000000800000000)
  region size 2048K, 33 young (67584K), 2 survivors (4096K)
 Metaspace       used 100885K, committed 101568K, reserved 1138688K
  class space    used 13260K, committed 13568K, reserved 1048576K
}
Event: 3779.847 GC heap after
{Heap after GC invocations=60 (full 6):
 garbage-first heap   total 143360K, used 49376K [0x0000000703600000, 0x0000000800000000)
  region size 2048K, 4 young (8192K), 4 survivors (8192K)
 Metaspace       used 100885K, committed 101568K, reserved 1138688K
  class space    used 13260K, committed 13568K, reserved 1048576K
}
Event: 3780.061 GC heap before
{Heap before GC invocations=60 (full 6):
 garbage-first heap   total 143360K, used 110816K [0x0000000703600000, 0x0000000800000000)
  region size 2048K, 34 young (69632K), 4 survivors (8192K)
 Metaspace       used 101355K, committed 102016K, reserved 1138688K
  class space    used 13297K, committed 13632K, reserved 1048576K
}
Event: 3780.064 GC heap after
{Heap after GC invocations=61 (full 6):
 garbage-first heap   total 143360K, used 51116K [0x0000000703600000, 0x0000000800000000)
  region size 2048K, 3 young (6144K), 3 survivors (6144K)
 Metaspace       used 101355K, committed 102016K, reserved 1138688K
  class space    used 13297K, committed 13632K, reserved 1048576K
}
Event: 3870.347 GC heap before
{Heap before GC invocations=61 (full 6):
 garbage-first heap   total 143360K, used 110508K [0x0000000703600000, 0x0000000800000000)
  region size 2048K, 32 young (65536K), 3 survivors (6144K)
 Metaspace       used 101587K, committed 102336K, reserved 1138688K
  class space    used 13318K, committed 13696K, reserved 1048576K
}
Event: 3870.354 GC heap after
{Heap after GC invocations=62 (full 6):
 garbage-first heap   total 143360K, used 53720K [0x0000000703600000, 0x0000000800000000)
  region size 2048K, 3 young (6144K), 3 survivors (6144K)
 Metaspace       used 101587K, committed 102336K, reserved 1138688K
  class space    used 13318K, committed 13696K, reserved 1048576K
}

