# JRE version: OpenJDK Runtime Environment Temurin-17.0.4+8 (17.0.4+8) (build 17.0.4+8)
# Java VM: OpenJDK 64-Bit Server VM Temurin-17.0.4+8 (17.0.4+8, mixed mode, emulated-client, tiered, compressed oops, compressed class ptrs, g1 gc, windows-amd64)
GC Precious Log:
 CPUs: 12 total, 12 available
 Memory: 16163M
 Large Page Support: Disabled
 NUMA Support: Disabled
 Compressed Oops: Enabled (Zero based)
 Heap Region Size: 2M
 Heap Min Capacity: 8M
 Heap Initial Capacity: 254M
 Heap Max Capacity: 4042M
 Pre-touch: Disabled
 Parallel Workers: 10
 Concurrent Workers: 3
 Concurrent Refinement Workers: 10
 Periodic GC: Disabled
Heap:
 garbage-first heap   total 172032K, used 123622K [0x0000000703600000, 0x0000000800000000)
  region size 2048K, 38 young (77824K), 4 survivors (8192K)
 Metaspace       used 100075K, committed 100800K, reserved 1138688K
  class space    used 12960K, committed 13312K, reserved 1048576K
GC Heap History (20 events):
Event: 617.580 GC heap before
{Heap before GC invocations=39 (full 2):
 garbage-first heap   total 206848K, used 121243K [0x0000000703600000, 0x0000000800000000)
  region size 2048K, 38 young (77824K), 4 survivors (8192K)
 Metaspace       used 96214K, committed 96832K, reserved 1138688K
  class space    used 12648K, committed 12928K, reserved 1048576K
}
Event: 617.616 GC heap after
{Heap after GC invocations=40 (full 3):
 garbage-first heap   total 172032K, used 43458K [0x0000000703600000, 0x0000000800000000)
  region size 2048K, 0 young (0K), 0 survivors (0K)
 Metaspace       used 96150K, committed 96832K, reserved 1138688K
  class space    used 12638K, committed 12928K, reserved 1048576K
}
Event: 618.009 GC heap before
{Heap before GC invocations=40 (full 3):
 garbage-first heap   total 172032K, used 131522K [0x0000000703600000, 0x0000000800000000)
  region size 2048K, 44 young (90112K), 0 survivors (0K)
 Metaspace       used 96704K, committed 97344K, reserved 1138688K
  class space    used 12703K, committed 12992K, reserved 1048576K
}
Event: 618.012 GC heap after
{Heap after GC invocations=41 (full 3):
 garbage-first heap   total 172032K, used 48236K [0x0000000703600000, 0x0000000800000000)
  region size 2048K, 3 young (6144K), 3 survivors (6144K)
 Metaspace       used 96704K, committed 97344K, reserved 1138688K
  class space    used 12703K, committed 12992K, reserved 1048576K
}
Event: 618.764 GC heap before
{Heap before GC invocations=42 (full 3):
 garbage-first heap   total 172032K, used 134252K [0x0000000703600000, 0x0000000800000000)
  region size 2048K, 45 young (92160K), 3 survivors (6144K)
 Metaspace       used 97094K, committed 97792K, reserved 1138688K
  class space    used 12734K, committed 13056K, reserved 1048576K
}
Event: 618.767 GC heap after
{Heap after GC invocations=43 (full 3):
 garbage-first heap   total 172032K, used 50930K [0x0000000703600000, 0x0000000800000000)
  region size 2048K, 4 young (8192K), 4 survivors (8192K)
 Metaspace       used 97094K, committed 97792K, reserved 1138688K
  class space    used 12734K, committed 13056K, reserved 1048576K
}
Event: 619.046 GC heap before
{Heap before GC invocations=43 (full 3):
 garbage-first heap   total 172032K, used 134898K [0x0000000703600000, 0x0000000800000000)
  region size 2048K, 45 young (92160K), 4 survivors (8192K)
 Metaspace       used 97458K, committed 98112K, reserved 1138688K
  class space    used 12763K, committed 13056K, reserved 1048576K
}
Event: 619.050 GC heap after
{Heap after GC invocations=44 (full 3):
 garbage-first heap   total 172032K, used 53155K [0x0000000703600000, 0x0000000800000000)
  region size 2048K, 3 young (6144K), 3 survivors (6144K)
 Metaspace       used 97458K, committed 98112K, reserved 1138688K
  class space    used 12763K, committed 13056K, reserved 1048576K
}
Event: 619.342 GC heap before
{Heap before GC invocations=44 (full 3):
 garbage-first heap   total 172032K, used 135075K [0x0000000703600000, 0x0000000800000000)
  region size 2048K, 43 young (88064K), 3 survivors (6144K)
 Metaspace       used 98146K, committed 98816K, reserved 1138688K
  class space    used 12808K, committed 13120K, reserved 1048576K
}
Event: 619.345 GC heap after
{Heap after GC invocations=45 (full 3):
 garbage-first heap   total 172032K, used 55409K [0x0000000703600000, 0x0000000800000000)
  region size 2048K, 4 young (8192K), 4 survivors (8192K)
 Metaspace       used 98146K, committed 98816K, reserved 1138688K
  class space    used 12808K, committed 13120K, reserved 1048576K
}
Event: 760.520 GC heap before
{Heap before GC invocations=45 (full 3):
 garbage-first heap   total 172032K, used 131185K [0x0000000703600000, 0x0000000800000000)
  region size 2048K, 42 young (86016K), 4 survivors (8192K)
 Metaspace       used 98174K, committed 98880K, reserved 1138688K
  class space    used 12813K, committed 13120K, reserved 1048576K
}
Event: 760.559 GC heap after
{Heap after GC invocations=46 (full 4):
 garbage-first heap   total 172032K, used 44492K [0x0000000703600000, 0x0000000800000000)
  region size 2048K, 0 young (0K), 0 survivors (0K)
 Metaspace       used 98109K, committed 98880K, reserved 1138688K
  class space    used 12802K, committed 13120K, reserved 1048576K
}
Event: 760.935 GC heap before
{Heap before GC invocations=46 (full 4):
 garbage-first heap   total 172032K, used 134604K [0x0000000703600000, 0x0000000800000000)
  region size 2048K, 44 young (90112K), 0 survivors (0K)
 Metaspace       used 98627K, committed 99328K, reserved 1138688K
  class space    used 12861K, committed 13184K, reserved 1048576K
}
Event: 760.939 GC heap after
{Heap after GC invocations=47 (full 4):
 garbage-first heap   total 172032K, used 49047K [0x0000000703600000, 0x0000000800000000)
  region size 2048K, 3 young (6144K), 3 survivors (6144K)
 Metaspace       used 98627K, committed 99328K, reserved 1138688K
  class space    used 12861K, committed 13184K, reserved 1048576K
}
Event: 761.540 GC heap before
{Heap before GC invocations=47 (full 4):
 garbage-first heap   total 172032K, used 133015K [0x0000000703600000, 0x0000000800000000)
  region size 2048K, 44 young (90112K), 3 survivors (6144K)
 Metaspace       used 99014K, committed 99712K, reserved 1138688K
  class space    used 12890K, committed 13184K, reserved 1048576K
}
Event: 761.543 GC heap after
{Heap after GC invocations=48 (full 4):
 garbage-first heap   total 172032K, used 51679K [0x0000000703600000, 0x0000000800000000)
  region size 2048K, 4 young (8192K), 4 survivors (8192K)
 Metaspace       used 99014K, committed 99712K, reserved 1138688K
  class space    used 12890K, committed 13184K, reserved 1048576K
}
Event: 761.782 GC heap before
{Heap before GC invocations=48 (full 4):
 garbage-first heap   total 172032K, used 133599K [0x0000000703600000, 0x0000000800000000)
  region size 2048K, 44 young (90112K), 4 survivors (8192K)
 Metaspace       used 99359K, committed 100096K, reserved 1138688K
  class space    used 12914K, committed 13248K, reserved 1048576K
}
Event: 761.785 GC heap after
{Heap after GC invocations=49 (full 4):
 garbage-first heap   total 172032K, used 54462K [0x0000000703600000, 0x0000000800000000)
  region size 2048K, 3 young (6144K), 3 survivors (6144K)
 Metaspace       used 99359K, committed 100096K, reserved 1138688K
  class space    used 12914K, committed 13248K, reserved 1048576K
}
Event: 762.061 GC heap before
{Heap before GC invocations=49 (full 4):
 garbage-first heap   total 172032K, used 134334K [0x0000000703600000, 0x0000000800000000)
  region size 2048K, 42 young (86016K), 3 survivors (6144K)
 Metaspace       used 100049K, committed 100800K, reserved 1138688K
  class space    used 12957K, committed 13312K, reserved 1048576K
}
Event: 762.064 GC heap after
{Heap after GC invocations=50 (full 4):
 garbage-first heap   total 172032K, used 56038K [0x0000000703600000, 0x0000000800000000)
  region size 2048K, 4 young (8192K), 4 survivors (8192K)
 Metaspace       used 100049K, committed 100800K, reserved 1138688K
  class space    used 12957K, committed 13312K, reserved 1048576K
}

